--------------- Clean Started: 09/03/2017 17:36:42 Project: PSoC_FileSystem, Configuration: ARM GCC 5.4-2016-q2-update Debug ---------------
Deleting file ".\CortexM0\ARM_GCC_541\Debug\croutine.o"
Deleting file ".\CortexM0\ARM_GCC_541\Debug\event_groups.o"
Deleting file ".\CortexM0\ARM_GCC_541\Debug\list.o"
Deleting file ".\CortexM0\ARM_GCC_541\Debug\queue.o"
Deleting file ".\CortexM0\ARM_GCC_541\Debug\tasks.o"
Deleting file ".\CortexM0\ARM_GCC_541\Debug\timers.o"
Deleting file ".\CortexM0\ARM_GCC_541\Debug\FreeRTOS_Start.o"
Deleting file ".\CortexM0\ARM_GCC_541\Debug\port.o"
Deleting file ".\CortexM0\ARM_GCC_541\Debug\heap_4.o"
Deleting file ".\CortexM0\ARM_GCC_541\Debug\trcKernelPort.o"
Deleting file ".\CortexM0\ARM_GCC_541\Debug\trcSnapshotRecorder.o"
Deleting file ".\CortexM0\ARM_GCC_541\Debug\trcStreamingRecorder.o"
Deleting file ".\CortexM0\ARM_GCC_541\Debug\trcStreamingPort.o"
Deleting file ".\CortexM0\ARM_GCC_541\Debug\dir.o"
Deleting file ".\CortexM0\ARM_GCC_541\Debug\drv.o"
Deleting file ".\CortexM0\ARM_GCC_541\Debug\f_lock.o"
Deleting file ".\CortexM0\ARM_GCC_541\Debug\fat.o"
Deleting file ".\CortexM0\ARM_GCC_541\Debug\file.o"
Deleting file ".\CortexM0\ARM_GCC_541\Debug\util.o"
Deleting file ".\CortexM0\ARM_GCC_541\Debug\util_sfn.o"
Deleting file ".\CortexM0\ARM_GCC_541\Debug\volume.o"
Deleting file ".\CortexM0\ARM_GCC_541\Debug\framdrv_f.o"
Deleting file ".\CortexM0\ARM_GCC_541\Debug\main.o"
Deleting file ".\CortexM0\ARM_GCC_541\Debug\cyfitter_cfg.o"
Deleting file ".\CortexM0\ARM_GCC_541\Debug\cymetadata.o"
Deleting file ".\CortexM0\ARM_GCC_541\Debug\Cm0Start.o"
Deleting file ".\CortexM0\ARM_GCC_541\Debug\CyFlash.o"
Deleting file ".\CortexM0\ARM_GCC_541\Debug\CyLib.o"
Deleting file ".\CortexM0\ARM_GCC_541\Debug\cyPm.o"
Deleting file ".\CortexM0\ARM_GCC_541\Debug\cyutils.o"
Deleting file ".\CortexM0\ARM_GCC_541\Debug\CyBootAsmGnu.o"
Deleting file ".\CortexM0\ARM_GCC_541\Debug\CyDMA.o"
Deleting file ".\CortexM0\ARM_GCC_541\Debug\CyLFClk.o"
Deleting file ".\CortexM0\ARM_GCC_541\Debug\RED.o"
Deleting file ".\CortexM0\ARM_GCC_541\Debug\RED_PM.o"
Deleting file ".\CortexM0\ARM_GCC_541\Debug\DMA.o"
Deleting file ".\CortexM0\ARM_GCC_541\Debug\UART.o"
Deleting file ".\CortexM0\ARM_GCC_541\Debug\UART_SPI_UART.o"
Deleting file ".\CortexM0\ARM_GCC_541\Debug\UART_SPI_UART_INT.o"
Deleting file ".\CortexM0\ARM_GCC_541\Debug\UART_PM.o"
Deleting file ".\CortexM0\ARM_GCC_541\Debug\UART_UART.o"
Deleting file ".\CortexM0\ARM_GCC_541\Debug\UART_BOOT.o"
Deleting file ".\CortexM0\ARM_GCC_541\Debug\UART_UART_BOOT.o"
Deleting file ".\CortexM0\ARM_GCC_541\Debug\UART_SCBCLK.o"
Deleting file ".\CortexM0\ARM_GCC_541\Debug\UART_tx.o"
Deleting file ".\CortexM0\ARM_GCC_541\Debug\UART_tx_PM.o"
Deleting file ".\CortexM0\ARM_GCC_541\Debug\UART_SCB_IRQ.o"
Deleting file ".\CortexM0\ARM_GCC_541\Debug\UART_rx.o"
Deleting file ".\CortexM0\ARM_GCC_541\Debug\UART_rx_PM.o"
Deleting file ".\CortexM0\ARM_GCC_541\Debug\I2C.o"
Deleting file ".\CortexM0\ARM_GCC_541\Debug\I2C_I2C_INT.o"
Deleting file ".\CortexM0\ARM_GCC_541\Debug\I2C_I2C.o"
Deleting file ".\CortexM0\ARM_GCC_541\Debug\I2C_I2C_BOOT.o"
Deleting file ".\CortexM0\ARM_GCC_541\Debug\I2C_I2C_MASTER.o"
Deleting file ".\CortexM0\ARM_GCC_541\Debug\I2C_PM.o"
Deleting file ".\CortexM0\ARM_GCC_541\Debug\I2C_BOOT.o"
Deleting file ".\CortexM0\ARM_GCC_541\Debug\I2C_SCBCLK.o"
Deleting file ".\CortexM0\ARM_GCC_541\Debug\I2C_sda.o"
Deleting file ".\CortexM0\ARM_GCC_541\Debug\I2C_sda_PM.o"
Deleting file ".\CortexM0\ARM_GCC_541\Debug\I2C_scl.o"
Deleting file ".\CortexM0\ARM_GCC_541\Debug\I2C_scl_PM.o"
Deleting file ".\CortexM0\ARM_GCC_541\Debug\I2C_SCB_IRQ.o"
Deleting file ".\CortexM0\ARM_GCC_541\Debug\PSoC_FileSystem.hex"
Deleting file ".\CortexM0\ARM_GCC_541\Debug\PSoC_FileSystem.elf"
Deleting file ".\CortexM0\ARM_GCC_541\Debug\PSoC_FileSystem.map"
Deleting file ".\PSoC_FileSystem.cycdx"
Deleting file ".\PSoC_FileSystem.svd"
Deleting file ".\PSoC_FileSystem.rpt"
Deleting file ".\PSoC_FileSystem_timing.html"
Deleting file ".\CortexM0\ARM_GCC_541\Debug\.deps\SOURCE_C__ARM_GCC_GENERIC.P"
Deleting file ".\CortexM0\ARM_GCC_541\Debug\.deps\SOURCE_ASM__ARM_GCC_GENERIC.P"
--------------- Clean Succeeded: 09/03/2017 17:36:42 ---------------
