--------------- Rebuild Started: 09/02/2017 14:54:18 Project: PSoC_FileSystem, Configuration: ARM GCC 5.4-2016-q2-update Debug ---------------
Deleting file ".\CortexM0\ARM_GCC_541\Debug\croutine.o"
Deleting file ".\CortexM0\ARM_GCC_541\Debug\event_groups.o"
Deleting file ".\CortexM0\ARM_GCC_541\Debug\list.o"
Deleting file ".\CortexM0\ARM_GCC_541\Debug\queue.o"
Deleting file ".\CortexM0\ARM_GCC_541\Debug\tasks.o"
Deleting file ".\CortexM0\ARM_GCC_541\Debug\timers.o"
Deleting file ".\CortexM0\ARM_GCC_541\Debug\FreeRTOS_Start.o"
Deleting file ".\CortexM0\ARM_GCC_541\Debug\port.o"
Deleting file ".\CortexM0\ARM_GCC_541\Debug\heap_4.o"
Deleting file ".\CortexM0\ARM_GCC_541\Debug\trcKernelPort.o"
Deleting file ".\CortexM0\ARM_GCC_541\Debug\trcSnapshotRecorder.o"
Deleting file ".\CortexM0\ARM_GCC_541\Debug\trcStreamingRecorder.o"
Deleting file ".\CortexM0\ARM_GCC_541\Debug\trcStreamingPort.o"
Deleting file ".\CortexM0\ARM_GCC_541\Debug\main.o"
Deleting file ".\CortexM0\ARM_GCC_541\Debug\cyfitter_cfg.o"
Deleting file ".\CortexM0\ARM_GCC_541\Debug\cymetadata.o"
Deleting file ".\CortexM0\ARM_GCC_541\Debug\Cm0Start.o"
Deleting file ".\CortexM0\ARM_GCC_541\Debug\CyFlash.o"
Deleting file ".\CortexM0\ARM_GCC_541\Debug\CyLib.o"
Deleting file ".\CortexM0\ARM_GCC_541\Debug\cyPm.o"
Deleting file ".\CortexM0\ARM_GCC_541\Debug\cyutils.o"
Deleting file ".\CortexM0\ARM_GCC_541\Debug\CyBootAsmGnu.o"
Deleting file ".\CortexM0\ARM_GCC_541\Debug\CyDMA.o"
Deleting file ".\CortexM0\ARM_GCC_541\Debug\CyLFClk.o"
Deleting file ".\CortexM0\ARM_GCC_541\Debug\RED.o"
Deleting file ".\CortexM0\ARM_GCC_541\Debug\RED_PM.o"
Deleting file ".\CortexM0\ARM_GCC_541\Debug\DMA.o"
Deleting file ".\CortexM0\ARM_GCC_541\Debug\UART.o"
Deleting file ".\CortexM0\ARM_GCC_541\Debug\UART_SPI_UART.o"
Deleting file ".\CortexM0\ARM_GCC_541\Debug\UART_SPI_UART_INT.o"
Deleting file ".\CortexM0\ARM_GCC_541\Debug\UART_PM.o"
Deleting file ".\CortexM0\ARM_GCC_541\Debug\UART_UART.o"
Deleting file ".\CortexM0\ARM_GCC_541\Debug\UART_BOOT.o"
Deleting file ".\CortexM0\ARM_GCC_541\Debug\UART_UART_BOOT.o"
Deleting file ".\CortexM0\ARM_GCC_541\Debug\UART_SCBCLK.o"
Deleting file ".\CortexM0\ARM_GCC_541\Debug\UART_tx.o"
Deleting file ".\CortexM0\ARM_GCC_541\Debug\UART_tx_PM.o"
Deleting file ".\CortexM0\ARM_GCC_541\Debug\UART_SCB_IRQ.o"
Deleting file ".\CortexM0\ARM_GCC_541\Debug\UART_rx.o"
Deleting file ".\CortexM0\ARM_GCC_541\Debug\UART_rx_PM.o"
Deleting file ".\CortexM0\ARM_GCC_541\Debug\.deps\SOURCE_C__ARM_GCC_GENERIC.P"
Deleting file ".\CortexM0\ARM_GCC_541\Debug\.deps\SOURCE_ASM__ARM_GCC_GENERIC.P"
cydsfit.exe -.appdatapath "C:\Users\arh\AppData\Local\Cypress Semiconductor\PSoC Creator\4.1" -.fdsnotice -.fdswarpdepfile=warp_dependencies.txt -.fdselabdepfile=elab_dependencies.txt -.fdsbldfile=generated_files.txt -.fdsreffile=referenced_files.txt -p \\Mac\Home\Documents\iotexpert-projects\PSoC-FileSystem\PSoC_FileSystem.cydsn\PSoC_FileSystem.cyprj -d CY8C4247AZI-M485 -s \\Mac\Home\Documents\iotexpert-projects\PSoC-FileSystem\PSoC_FileSystem.cydsn\Generated_Source\PSoC4 -- -yv2 -q10 -ygs -o2 -v3 -.fftcfgtype=LE
Elaborating Design...
HDL Generation...
Synthesis...
Tech Mapping...
Analog Placement...
Analog Routing...
Analog Code Generation...
Digital Placement...
Digital Routing...
Bitstream Generation...
Bitstream Verification...
Static timing analysis...
API Generation...
Dependency Generation...
Cleanup...
arm-none-eabi-gcc.exe -mcpu=cortex-m0 -mthumb -I.\FreeRTOS\Source\include -I.\FreeRTOS\Source\portable\GCC\ARM_CM0 -I.\TraceRecorder\include -I.\TraceRecorder\streamports\PSOC_SERIAL\include -I. -IGenerated_Source\PSoC4 -Wa,-alh=.\CortexM0\ARM_GCC_541\Debug/croutine.lst -g -D DEBUG -D CY_CORE_ID=0 -Wall -ffunction-sections -ffat-lto-objects -Og -c FreeRTOS\Source\croutine.c -o .\CortexM0\ARM_GCC_541\Debug\croutine.o
arm-none-eabi-gcc.exe -mcpu=cortex-m0 -mthumb -I.\FreeRTOS\Source\include -I.\FreeRTOS\Source\portable\GCC\ARM_CM0 -I.\TraceRecorder\include -I.\TraceRecorder\streamports\PSOC_SERIAL\include -I. -IGenerated_Source\PSoC4 -Wa,-alh=.\CortexM0\ARM_GCC_541\Debug/event_groups.lst -g -D DEBUG -D CY_CORE_ID=0 -Wall -ffunction-sections -ffat-lto-objects -Og -c FreeRTOS\Source\event_groups.c -o .\CortexM0\ARM_GCC_541\Debug\event_groups.o
arm-none-eabi-gcc.exe -mcpu=cortex-m0 -mthumb -I.\FreeRTOS\Source\include -I.\FreeRTOS\Source\portable\GCC\ARM_CM0 -I.\TraceRecorder\include -I.\TraceRecorder\streamports\PSOC_SERIAL\include -I. -IGenerated_Source\PSoC4 -Wa,-alh=.\CortexM0\ARM_GCC_541\Debug/list.lst -g -D DEBUG -D CY_CORE_ID=0 -Wall -ffunction-sections -ffat-lto-objects -Og -c FreeRTOS\Source\list.c -o .\CortexM0\ARM_GCC_541\Debug\list.o
arm-none-eabi-gcc.exe -mcpu=cortex-m0 -mthumb -I.\FreeRTOS\Source\include -I.\FreeRTOS\Source\portable\GCC\ARM_CM0 -I.\TraceRecorder\include -I.\TraceRecorder\streamports\PSOC_SERIAL\include -I. -IGenerated_Source\PSoC4 -Wa,-alh=.\CortexM0\ARM_GCC_541\Debug/queue.lst -g -D DEBUG -D CY_CORE_ID=0 -Wall -ffunction-sections -ffat-lto-objects -Og -c FreeRTOS\Source\queue.c -o .\CortexM0\ARM_GCC_541\Debug\queue.o
arm-none-eabi-gcc.exe -mcpu=cortex-m0 -mthumb -I.\FreeRTOS\Source\include -I.\FreeRTOS\Source\portable\GCC\ARM_CM0 -I.\TraceRecorder\include -I.\TraceRecorder\streamports\PSOC_SERIAL\include -I. -IGenerated_Source\PSoC4 -Wa,-alh=.\CortexM0\ARM_GCC_541\Debug/tasks.lst -g -D DEBUG -D CY_CORE_ID=0 -Wall -ffunction-sections -ffat-lto-objects -Og -c FreeRTOS\Source\tasks.c -o .\CortexM0\ARM_GCC_541\Debug\tasks.o
arm-none-eabi-gcc.exe -mcpu=cortex-m0 -mthumb -I.\FreeRTOS\Source\include -I.\FreeRTOS\Source\portable\GCC\ARM_CM0 -I.\TraceRecorder\include -I.\TraceRecorder\streamports\PSOC_SERIAL\include -I. -IGenerated_Source\PSoC4 -Wa,-alh=.\CortexM0\ARM_GCC_541\Debug/timers.lst -g -D DEBUG -D CY_CORE_ID=0 -Wall -ffunction-sections -ffat-lto-objects -Og -c FreeRTOS\Source\timers.c -o .\CortexM0\ARM_GCC_541\Debug\timers.o
arm-none-eabi-gcc.exe -mcpu=cortex-m0 -mthumb -I.\FreeRTOS\Source\include -I.\FreeRTOS\Source\portable\GCC\ARM_CM0 -I.\TraceRecorder\include -I.\TraceRecorder\streamports\PSOC_SERIAL\include -I. -IGenerated_Source\PSoC4 -Wa,-alh=.\CortexM0\ARM_GCC_541\Debug/FreeRTOS_Start.lst -g -D DEBUG -D CY_CORE_ID=0 -Wall -ffunction-sections -ffat-lto-objects -Og -c FreeRTOS_Start.c -o .\CortexM0\ARM_GCC_541\Debug\FreeRTOS_Start.o
arm-none-eabi-gcc.exe -mcpu=cortex-m0 -mthumb -I.\FreeRTOS\Source\include -I.\FreeRTOS\Source\portable\GCC\ARM_CM0 -I.\TraceRecorder\include -I.\TraceRecorder\streamports\PSOC_SERIAL\include -I. -IGenerated_Source\PSoC4 -Wa,-alh=.\CortexM0\ARM_GCC_541\Debug/port.lst -g -D DEBUG -D CY_CORE_ID=0 -Wall -ffunction-sections -ffat-lto-objects -Og -c FreeRTOS\Source\portable\GCC\ARM_CM0\port.c -o .\CortexM0\ARM_GCC_541\Debug\port.o
arm-none-eabi-gcc.exe -mcpu=cortex-m0 -mthumb -I.\FreeRTOS\Source\include -I.\FreeRTOS\Source\portable\GCC\ARM_CM0 -I.\TraceRecorder\include -I.\TraceRecorder\streamports\PSOC_SERIAL\include -I. -IGenerated_Source\PSoC4 -Wa,-alh=.\CortexM0\ARM_GCC_541\Debug/heap_4.lst -g -D DEBUG -D CY_CORE_ID=0 -Wall -ffunction-sections -ffat-lto-objects -Og -c FreeRTOS\Source\portable\MemMang\heap_4.c -o .\CortexM0\ARM_GCC_541\Debug\heap_4.o
arm-none-eabi-gcc.exe -mcpu=cortex-m0 -mthumb -I.\FreeRTOS\Source\include -I.\FreeRTOS\Source\portable\GCC\ARM_CM0 -I.\TraceRecorder\include -I.\TraceRecorder\streamports\PSOC_SERIAL\include -I. -IGenerated_Source\PSoC4 -Wa,-alh=.\CortexM0\ARM_GCC_541\Debug/trcKernelPort.lst -g -D DEBUG -D CY_CORE_ID=0 -Wall -ffunction-sections -ffat-lto-objects -Og -c TraceRecorder\trcKernelPort.c -o .\CortexM0\ARM_GCC_541\Debug\trcKernelPort.o
arm-none-eabi-gcc.exe -mcpu=cortex-m0 -mthumb -I.\FreeRTOS\Source\include -I.\FreeRTOS\Source\portable\GCC\ARM_CM0 -I.\TraceRecorder\include -I.\TraceRecorder\streamports\PSOC_SERIAL\include -I. -IGenerated_Source\PSoC4 -Wa,-alh=.\CortexM0\ARM_GCC_541\Debug/trcSnapshotRecorder.lst -g -D DEBUG -D CY_CORE_ID=0 -Wall -ffunction-sections -ffat-lto-objects -Og -c TraceRecorder\trcSnapshotRecorder.c -o .\CortexM0\ARM_GCC_541\Debug\trcSnapshotRecorder.o
arm-none-eabi-gcc.exe -mcpu=cortex-m0 -mthumb -I.\FreeRTOS\Source\include -I.\FreeRTOS\Source\portable\GCC\ARM_CM0 -I.\TraceRecorder\include -I.\TraceRecorder\streamports\PSOC_SERIAL\include -I. -IGenerated_Source\PSoC4 -Wa,-alh=.\CortexM0\ARM_GCC_541\Debug/trcStreamingRecorder.lst -g -D DEBUG -D CY_CORE_ID=0 -Wall -ffunction-sections -ffat-lto-objects -Og -c TraceRecorder\trcStreamingRecorder.c -o .\CortexM0\ARM_GCC_541\Debug\trcStreamingRecorder.o
arm-none-eabi-gcc.exe -mcpu=cortex-m0 -mthumb -I.\FreeRTOS\Source\include -I.\FreeRTOS\Source\portable\GCC\ARM_CM0 -I.\TraceRecorder\include -I.\TraceRecorder\streamports\PSOC_SERIAL\include -I. -IGenerated_Source\PSoC4 -Wa,-alh=.\CortexM0\ARM_GCC_541\Debug/trcStreamingPort.lst -g -D DEBUG -D CY_CORE_ID=0 -Wall -ffunction-sections -ffat-lto-objects -Og -c TraceRecorder\streamports\PSOC_SERIAL\trcStreamingPort.c -o .\CortexM0\ARM_GCC_541\Debug\trcStreamingPort.o
arm-none-eabi-gcc.exe -mcpu=cortex-m0 -mthumb -I.\FreeRTOS\Source\include -I.\FreeRTOS\Source\portable\GCC\ARM_CM0 -I.\TraceRecorder\include -I.\TraceRecorder\streamports\PSOC_SERIAL\include -I. -IGenerated_Source\PSoC4 -Wa,-alh=.\CortexM0\ARM_GCC_541\Debug/main.lst -g -D DEBUG -D CY_CORE_ID=0 -Wall -ffunction-sections -ffat-lto-objects -Og -c main.c -o .\CortexM0\ARM_GCC_541\Debug\main.o
arm-none-eabi-gcc.exe -mcpu=cortex-m0 -mthumb -I.\FreeRTOS\Source\include -I.\FreeRTOS\Source\portable\GCC\ARM_CM0 -I.\TraceRecorder\include -I.\TraceRecorder\streamports\PSOC_SERIAL\include -I. -IGenerated_Source\PSoC4 -Wa,-alh=.\CortexM0\ARM_GCC_541\Debug/cyfitter_cfg.lst -g -D DEBUG -D CY_CORE_ID=0 -Wall -ffunction-sections -ffat-lto-objects -Og -c Generated_Source\PSoC4\cyfitter_cfg.c -o .\CortexM0\ARM_GCC_541\Debug\cyfitter_cfg.o
arm-none-eabi-gcc.exe -mcpu=cortex-m0 -mthumb -I.\FreeRTOS\Source\include -I.\FreeRTOS\Source\portable\GCC\ARM_CM0 -I.\TraceRecorder\include -I.\TraceRecorder\streamports\PSOC_SERIAL\include -I. -IGenerated_Source\PSoC4 -Wa,-alh=.\CortexM0\ARM_GCC_541\Debug/cymetadata.lst -g -D DEBUG -D CY_CORE_ID=0 -Wall -ffunction-sections -ffat-lto-objects -Og -c Generated_Source\PSoC4\cymetadata.c -o .\CortexM0\ARM_GCC_541\Debug\cymetadata.o
arm-none-eabi-gcc.exe -mcpu=cortex-m0 -mthumb -I.\FreeRTOS\Source\include -I.\FreeRTOS\Source\portable\GCC\ARM_CM0 -I.\TraceRecorder\include -I.\TraceRecorder\streamports\PSOC_SERIAL\include -I. -IGenerated_Source\PSoC4 -Wa,-alh=.\CortexM0\ARM_GCC_541\Debug/Cm0Start.lst -g -D DEBUG -D CY_CORE_ID=0 -Wall -ffunction-sections -ffat-lto-objects -Og -c Generated_Source\PSoC4\Cm0Start.c -o .\CortexM0\ARM_GCC_541\Debug\Cm0Start.o
arm-none-eabi-gcc.exe -mcpu=cortex-m0 -mthumb -I.\FreeRTOS\Source\include -I.\FreeRTOS\Source\portable\GCC\ARM_CM0 -I.\TraceRecorder\include -I.\TraceRecorder\streamports\PSOC_SERIAL\include -I. -IGenerated_Source\PSoC4 -Wa,-alh=.\CortexM0\ARM_GCC_541\Debug/CyFlash.lst -g -D DEBUG -D CY_CORE_ID=0 -Wall -ffunction-sections -ffat-lto-objects -Og -c Generated_Source\PSoC4\CyFlash.c -o .\CortexM0\ARM_GCC_541\Debug\CyFlash.o
arm-none-eabi-gcc.exe -mcpu=cortex-m0 -mthumb -I.\FreeRTOS\Source\include -I.\FreeRTOS\Source\portable\GCC\ARM_CM0 -I.\TraceRecorder\include -I.\TraceRecorder\streamports\PSOC_SERIAL\include -I. -IGenerated_Source\PSoC4 -Wa,-alh=.\CortexM0\ARM_GCC_541\Debug/CyLib.lst -g -D DEBUG -D CY_CORE_ID=0 -Wall -ffunction-sections -ffat-lto-objects -Og -c Generated_Source\PSoC4\CyLib.c -o .\CortexM0\ARM_GCC_541\Debug\CyLib.o
arm-none-eabi-gcc.exe -mcpu=cortex-m0 -mthumb -I.\FreeRTOS\Source\include -I.\FreeRTOS\Source\portable\GCC\ARM_CM0 -I.\TraceRecorder\include -I.\TraceRecorder\streamports\PSOC_SERIAL\include -I. -IGenerated_Source\PSoC4 -Wa,-alh=.\CortexM0\ARM_GCC_541\Debug/cyPm.lst -g -D DEBUG -D CY_CORE_ID=0 -Wall -ffunction-sections -ffat-lto-objects -Og -c Generated_Source\PSoC4\cyPm.c -o .\CortexM0\ARM_GCC_541\Debug\cyPm.o
arm-none-eabi-gcc.exe -mcpu=cortex-m0 -mthumb -I.\FreeRTOS\Source\include -I.\FreeRTOS\Source\portable\GCC\ARM_CM0 -I.\TraceRecorder\include -I.\TraceRecorder\streamports\PSOC_SERIAL\include -I. -IGenerated_Source\PSoC4 -Wa,-alh=.\CortexM0\ARM_GCC_541\Debug/cyutils.lst -g -D DEBUG -D CY_CORE_ID=0 -Wall -ffunction-sections -ffat-lto-objects -Og -c Generated_Source\PSoC4\cyutils.c -o .\CortexM0\ARM_GCC_541\Debug\cyutils.o
arm-none-eabi-gcc.exe -mcpu=cortex-m0 -mthumb -I.\FreeRTOS\Source\include -I.\FreeRTOS\Source\portable\GCC\ARM_CM0 -I.\TraceRecorder\include -I.\TraceRecorder\streamports\PSOC_SERIAL\include -I. -IGenerated_Source\PSoC4 -Wa,-alh=.\CortexM0\ARM_GCC_541\Debug/CyDMA.lst -g -D DEBUG -D CY_CORE_ID=0 -Wall -ffunction-sections -ffat-lto-objects -Og -c Generated_Source\PSoC4\CyDMA.c -o .\CortexM0\ARM_GCC_541\Debug\CyDMA.o
arm-none-eabi-gcc.exe -mcpu=cortex-m0 -mthumb -I.\FreeRTOS\Source\include -I.\FreeRTOS\Source\portable\GCC\ARM_CM0 -I.\TraceRecorder\include -I.\TraceRecorder\streamports\PSOC_SERIAL\include -I. -IGenerated_Source\PSoC4 -Wa,-alh=.\CortexM0\ARM_GCC_541\Debug/CyLFClk.lst -g -D DEBUG -D CY_CORE_ID=0 -Wall -ffunction-sections -ffat-lto-objects -Og -c Generated_Source\PSoC4\CyLFClk.c -o .\CortexM0\ARM_GCC_541\Debug\CyLFClk.o
arm-none-eabi-gcc.exe -mcpu=cortex-m0 -mthumb -I.\FreeRTOS\Source\include -I.\FreeRTOS\Source\portable\GCC\ARM_CM0 -I.\TraceRecorder\include -I.\TraceRecorder\streamports\PSOC_SERIAL\include -I. -IGenerated_Source\PSoC4 -Wa,-alh=.\CortexM0\ARM_GCC_541\Debug/RED.lst -g -D DEBUG -D CY_CORE_ID=0 -Wall -ffunction-sections -ffat-lto-objects -Og -c Generated_Source\PSoC4\RED.c -o .\CortexM0\ARM_GCC_541\Debug\RED.o
arm-none-eabi-gcc.exe -mcpu=cortex-m0 -mthumb -I.\FreeRTOS\Source\include -I.\FreeRTOS\Source\portable\GCC\ARM_CM0 -I.\TraceRecorder\include -I.\TraceRecorder\streamports\PSOC_SERIAL\include -I. -IGenerated_Source\PSoC4 -Wa,-alh=.\CortexM0\ARM_GCC_541\Debug/RED_PM.lst -g -D DEBUG -D CY_CORE_ID=0 -Wall -ffunction-sections -ffat-lto-objects -Og -c Generated_Source\PSoC4\RED_PM.c -o .\CortexM0\ARM_GCC_541\Debug\RED_PM.o
arm-none-eabi-gcc.exe -mcpu=cortex-m0 -mthumb -I.\FreeRTOS\Source\include -I.\FreeRTOS\Source\portable\GCC\ARM_CM0 -I.\TraceRecorder\include -I.\TraceRecorder\streamports\PSOC_SERIAL\include -I. -IGenerated_Source\PSoC4 -Wa,-alh=.\CortexM0\ARM_GCC_541\Debug/DMA.lst -g -D DEBUG -D CY_CORE_ID=0 -Wall -ffunction-sections -ffat-lto-objects -Og -c Generated_Source\PSoC4\DMA.c -o .\CortexM0\ARM_GCC_541\Debug\DMA.o
arm-none-eabi-gcc.exe -mcpu=cortex-m0 -mthumb -I.\FreeRTOS\Source\include -I.\FreeRTOS\Source\portable\GCC\ARM_CM0 -I.\TraceRecorder\include -I.\TraceRecorder\streamports\PSOC_SERIAL\include -I. -IGenerated_Source\PSoC4 -Wa,-alh=.\CortexM0\ARM_GCC_541\Debug/UART.lst -g -D DEBUG -D CY_CORE_ID=0 -Wall -ffunction-sections -ffat-lto-objects -Og -c Generated_Source\PSoC4\UART.c -o .\CortexM0\ARM_GCC_541\Debug\UART.o
arm-none-eabi-gcc.exe -mcpu=cortex-m0 -mthumb -I.\FreeRTOS\Source\include -I.\FreeRTOS\Source\portable\GCC\ARM_CM0 -I.\TraceRecorder\include -I.\TraceRecorder\streamports\PSOC_SERIAL\include -I. -IGenerated_Source\PSoC4 -Wa,-alh=.\CortexM0\ARM_GCC_541\Debug/UART_SPI_UART.lst -g -D DEBUG -D CY_CORE_ID=0 -Wall -ffunction-sections -ffat-lto-objects -Og -c Generated_Source\PSoC4\UART_SPI_UART.c -o .\CortexM0\ARM_GCC_541\Debug\UART_SPI_UART.o
arm-none-eabi-gcc.exe -mcpu=cortex-m0 -mthumb -I.\FreeRTOS\Source\include -I.\FreeRTOS\Source\portable\GCC\ARM_CM0 -I.\TraceRecorder\include -I.\TraceRecorder\streamports\PSOC_SERIAL\include -I. -IGenerated_Source\PSoC4 -Wa,-alh=.\CortexM0\ARM_GCC_541\Debug/UART_SPI_UART_INT.lst -g -D DEBUG -D CY_CORE_ID=0 -Wall -ffunction-sections -ffat-lto-objects -Og -c Generated_Source\PSoC4\UART_SPI_UART_INT.c -o .\CortexM0\ARM_GCC_541\Debug\UART_SPI_UART_INT.o
arm-none-eabi-gcc.exe -mcpu=cortex-m0 -mthumb -I.\FreeRTOS\Source\include -I.\FreeRTOS\Source\portable\GCC\ARM_CM0 -I.\TraceRecorder\include -I.\TraceRecorder\streamports\PSOC_SERIAL\include -I. -IGenerated_Source\PSoC4 -Wa,-alh=.\CortexM0\ARM_GCC_541\Debug/UART_PM.lst -g -D DEBUG -D CY_CORE_ID=0 -Wall -ffunction-sections -ffat-lto-objects -Og -c Generated_Source\PSoC4\UART_PM.c -o .\CortexM0\ARM_GCC_541\Debug\UART_PM.o
arm-none-eabi-gcc.exe -mcpu=cortex-m0 -mthumb -I.\FreeRTOS\Source\include -I.\FreeRTOS\Source\portable\GCC\ARM_CM0 -I.\TraceRecorder\include -I.\TraceRecorder\streamports\PSOC_SERIAL\include -I. -IGenerated_Source\PSoC4 -Wa,-alh=.\CortexM0\ARM_GCC_541\Debug/UART_UART.lst -g -D DEBUG -D CY_CORE_ID=0 -Wall -ffunction-sections -ffat-lto-objects -Og -c Generated_Source\PSoC4\UART_UART.c -o .\CortexM0\ARM_GCC_541\Debug\UART_UART.o
arm-none-eabi-gcc.exe -mcpu=cortex-m0 -mthumb -I.\FreeRTOS\Source\include -I.\FreeRTOS\Source\portable\GCC\ARM_CM0 -I.\TraceRecorder\include -I.\TraceRecorder\streamports\PSOC_SERIAL\include -I. -IGenerated_Source\PSoC4 -Wa,-alh=.\CortexM0\ARM_GCC_541\Debug/UART_BOOT.lst -g -D DEBUG -D CY_CORE_ID=0 -Wall -ffunction-sections -ffat-lto-objects -Og -c Generated_Source\PSoC4\UART_BOOT.c -o .\CortexM0\ARM_GCC_541\Debug\UART_BOOT.o
arm-none-eabi-gcc.exe -mcpu=cortex-m0 -mthumb -I.\FreeRTOS\Source\include -I.\FreeRTOS\Source\portable\GCC\ARM_CM0 -I.\TraceRecorder\include -I.\TraceRecorder\streamports\PSOC_SERIAL\include -I. -IGenerated_Source\PSoC4 -Wa,-alh=.\CortexM0\ARM_GCC_541\Debug/UART_UART_BOOT.lst -g -D DEBUG -D CY_CORE_ID=0 -Wall -ffunction-sections -ffat-lto-objects -Og -c Generated_Source\PSoC4\UART_UART_BOOT.c -o .\CortexM0\ARM_GCC_541\Debug\UART_UART_BOOT.o
arm-none-eabi-gcc.exe -mcpu=cortex-m0 -mthumb -I.\FreeRTOS\Source\include -I.\FreeRTOS\Source\portable\GCC\ARM_CM0 -I.\TraceRecorder\include -I.\TraceRecorder\streamports\PSOC_SERIAL\include -I. -IGenerated_Source\PSoC4 -Wa,-alh=.\CortexM0\ARM_GCC_541\Debug/UART_SCBCLK.lst -g -D DEBUG -D CY_CORE_ID=0 -Wall -ffunction-sections -ffat-lto-objects -Og -c Generated_Source\PSoC4\UART_SCBCLK.c -o .\CortexM0\ARM_GCC_541\Debug\UART_SCBCLK.o
arm-none-eabi-gcc.exe -mcpu=cortex-m0 -mthumb -I.\FreeRTOS\Source\include -I.\FreeRTOS\Source\portable\GCC\ARM_CM0 -I.\TraceRecorder\include -I.\TraceRecorder\streamports\PSOC_SERIAL\include -I. -IGenerated_Source\PSoC4 -Wa,-alh=.\CortexM0\ARM_GCC_541\Debug/UART_tx.lst -g -D DEBUG -D CY_CORE_ID=0 -Wall -ffunction-sections -ffat-lto-objects -Og -c Generated_Source\PSoC4\UART_tx.c -o .\CortexM0\ARM_GCC_541\Debug\UART_tx.o
arm-none-eabi-gcc.exe -mcpu=cortex-m0 -mthumb -I.\FreeRTOS\Source\include -I.\FreeRTOS\Source\portable\GCC\ARM_CM0 -I.\TraceRecorder\include -I.\TraceRecorder\streamports\PSOC_SERIAL\include -I. -IGenerated_Source\PSoC4 -Wa,-alh=.\CortexM0\ARM_GCC_541\Debug/UART_tx_PM.lst -g -D DEBUG -D CY_CORE_ID=0 -Wall -ffunction-sections -ffat-lto-objects -Og -c Generated_Source\PSoC4\UART_tx_PM.c -o .\CortexM0\ARM_GCC_541\Debug\UART_tx_PM.o
arm-none-eabi-gcc.exe -mcpu=cortex-m0 -mthumb -I.\FreeRTOS\Source\include -I.\FreeRTOS\Source\portable\GCC\ARM_CM0 -I.\TraceRecorder\include -I.\TraceRecorder\streamports\PSOC_SERIAL\include -I. -IGenerated_Source\PSoC4 -Wa,-alh=.\CortexM0\ARM_GCC_541\Debug/UART_SCB_IRQ.lst -g -D DEBUG -D CY_CORE_ID=0 -Wall -ffunction-sections -ffat-lto-objects -Og -c Generated_Source\PSoC4\UART_SCB_IRQ.c -o .\CortexM0\ARM_GCC_541\Debug\UART_SCB_IRQ.o
arm-none-eabi-gcc.exe -mcpu=cortex-m0 -mthumb -I.\FreeRTOS\Source\include -I.\FreeRTOS\Source\portable\GCC\ARM_CM0 -I.\TraceRecorder\include -I.\TraceRecorder\streamports\PSOC_SERIAL\include -I. -IGenerated_Source\PSoC4 -Wa,-alh=.\CortexM0\ARM_GCC_541\Debug/UART_rx.lst -g -D DEBUG -D CY_CORE_ID=0 -Wall -ffunction-sections -ffat-lto-objects -Og -c Generated_Source\PSoC4\UART_rx.c -o .\CortexM0\ARM_GCC_541\Debug\UART_rx.o
arm-none-eabi-gcc.exe -mcpu=cortex-m0 -mthumb -I.\FreeRTOS\Source\include -I.\FreeRTOS\Source\portable\GCC\ARM_CM0 -I.\TraceRecorder\include -I.\TraceRecorder\streamports\PSOC_SERIAL\include -I. -IGenerated_Source\PSoC4 -Wa,-alh=.\CortexM0\ARM_GCC_541\Debug/UART_rx_PM.lst -g -D DEBUG -D CY_CORE_ID=0 -Wall -ffunction-sections -ffat-lto-objects -Og -c Generated_Source\PSoC4\UART_rx_PM.c -o .\CortexM0\ARM_GCC_541\Debug\UART_rx_PM.o
arm-none-eabi-as.exe -mcpu=cortex-m0 -mthumb -I. -IGenerated_Source\PSoC4 -alh=.\CortexM0\ARM_GCC_541\Debug/CyBootAsmGnu.lst -g -W -o .\CortexM0\ARM_GCC_541\Debug\CyBootAsmGnu.o Generated_Source\PSoC4\CyBootAsmGnu.s
arm-none-eabi-ar.exe -rs .\CortexM0\ARM_GCC_541\Debug\PSoC_FileSystem.a .\CortexM0\ARM_GCC_541\Debug\CyFlash.o .\CortexM0\ARM_GCC_541\Debug\CyLib.o .\CortexM0\ARM_GCC_541\Debug\cyPm.o .\CortexM0\ARM_GCC_541\Debug\cyutils.o .\CortexM0\ARM_GCC_541\Debug\CyDMA.o .\CortexM0\ARM_GCC_541\Debug\CyLFClk.o .\CortexM0\ARM_GCC_541\Debug\RED.o .\CortexM0\ARM_GCC_541\Debug\RED_PM.o .\CortexM0\ARM_GCC_541\Debug\DMA.o .\CortexM0\ARM_GCC_541\Debug\UART.o .\CortexM0\ARM_GCC_541\Debug\UART_SPI_UART.o .\CortexM0\ARM_GCC_541\Debug\UART_SPI_UART_INT.o .\CortexM0\ARM_GCC_541\Debug\UART_PM.o .\CortexM0\ARM_GCC_541\Debug\UART_UART.o .\CortexM0\ARM_GCC_541\Debug\UART_BOOT.o .\CortexM0\ARM_GCC_541\Debug\UART_UART_BOOT.o .\CortexM0\ARM_GCC_541\Debug\UART_SCBCLK.o .\CortexM0\ARM_GCC_541\Debug\UART_tx.o .\CortexM0\ARM_GCC_541\Debug\UART_tx_PM.o .\CortexM0\ARM_GCC_541\Debug\UART_SCB_IRQ.o .\CortexM0\ARM_GCC_541\Debug\UART_rx.o .\CortexM0\ARM_GCC_541\Debug\UART_rx_PM.o .\CortexM0\ARM_GCC_541\Debug\CyBootAsmGnu.o
arm-none-eabi-ar.exe: creating .\CortexM0\ARM_GCC_541\Debug\PSoC_FileSystem.a
arm-none-eabi-gcc.exe -Wl,--start-group -o \\Mac\Home\Documents\iotexpert-projects\PSoC-FileSystem\PSoC_FileSystem.cydsn\CortexM0\ARM_GCC_541\Debug\PSoC_FileSystem.elf .\CortexM0\ARM_GCC_541\Debug\croutine.o .\CortexM0\ARM_GCC_541\Debug\event_groups.o .\CortexM0\ARM_GCC_541\Debug\list.o .\CortexM0\ARM_GCC_541\Debug\queue.o .\CortexM0\ARM_GCC_541\Debug\tasks.o .\CortexM0\ARM_GCC_541\Debug\timers.o .\CortexM0\ARM_GCC_541\Debug\FreeRTOS_Start.o .\CortexM0\ARM_GCC_541\Debug\port.o .\CortexM0\ARM_GCC_541\Debug\heap_4.o .\CortexM0\ARM_GCC_541\Debug\trcKernelPort.o .\CortexM0\ARM_GCC_541\Debug\trcSnapshotRecorder.o .\CortexM0\ARM_GCC_541\Debug\trcStreamingRecorder.o .\CortexM0\ARM_GCC_541\Debug\trcStreamingPort.o .\CortexM0\ARM_GCC_541\Debug\main.o .\CortexM0\ARM_GCC_541\Debug\cyfitter_cfg.o .\CortexM0\ARM_GCC_541\Debug\cymetadata.o .\CortexM0\ARM_GCC_541\Debug\Cm0Start.o .\CortexM0\ARM_GCC_541\Debug\PSoC_FileSystem.a "C:\Program Files (x86)\Cypress\PSoC Creator\4.1\PSoC Creator\psoc\content\cycomponentlibrary\CyComponentLibrary.cylib\CortexM0\ARM_GCC_541\Debug\CyComponentLibrary.a" -mcpu=cortex-m0 -mthumb -L Generated_Source\PSoC4 -Wl,-Map,.\CortexM0\ARM_GCC_541\Debug/PSoC_FileSystem.map -T Generated_Source\PSoC4\cm0gcc.ld -specs=nano.specs -Wl,--gc-sections -g -ffunction-sections -Og -ffat-lto-objects -Wl,--end-group
cyelftool.exe -C \\Mac\Home\Documents\iotexpert-projects\PSoC-FileSystem\PSoC_FileSystem.cydsn\CortexM0\ARM_GCC_541\Debug\PSoC_FileSystem.elf --flash_row_size 128 --flash_size 131072 --flash_offset 0x00000000
cyelftool.exe -S \\Mac\Home\Documents\iotexpert-projects\PSoC-FileSystem\PSoC_FileSystem.cydsn\CortexM0\ARM_GCC_541\Debug\PSoC_FileSystem.elf
Flash used: 7566 of 131072 bytes (5.8 %).
SRAM used: 11164 of 16384 bytes (68.1 %). Stack: 100 bytes. Heap: 0 bytes.
--------------- Rebuild Succeeded: 09/02/2017 14:54:44 ---------------
